<?xml version="1.0" encoding="UTF-8"?>
<!-- Generated by org.testng.reporters.JUnitReportReporter -->
<testsuite hostname="cryzalis-ThinkPad-T430s" failures="0" tests="5" name="Test.Scenarios.TestMethods_softwaretestingboard" time="22.893" errors="0" timestamp="2023-06-08T16:32:10 GMT+03:00" skipped="0">
  <testcase classname="Test.Scenarios.TestMethods_softwaretestingboard" name="d_addProductToCart" time="3.928"/>
  <testcase classname="Test.Scenarios.TestMethods_softwaretestingboard" name="a_registerNewUser" time="6.609"/>
  <testcase classname="Test.Scenarios.TestMethods_softwaretestingboard" name="c_searchProductByName" time="2.474"/>
  <testcase classname="Test.Scenarios.TestMethods_softwaretestingboard" name="b_loginUserWithCorrectCredentials" time="3.943"/>
  <testcase classname="Test.Scenarios.TestMethods_softwaretestingboard" name="e_checkoutProcess" time="5.939"/>
</testsuite> <!-- Test.Scenarios.TestMethods_softwaretestingboard -->
