<?xml version="1.0" encoding="UTF-8"?>
<!-- Generated by org.testng.reporters.JUnitReportReporter -->
<testsuite hostname="cryzalis-ThinkPad-T430s" failures="0" tests="4" name="Test.Scenarios.TestMethods_softwaretestingboard" time="20.804" errors="0" timestamp="2023-06-14T07:52:58 GMT+03:00" skipped="0">
  <testcase classname="Test.Scenarios.TestMethods_softwaretestingboard" name="c_searchProductByName" time="3.400"/>
  <testcase classname="Test.Scenarios.TestMethods_softwaretestingboard" name="e_checkoutProcess" time="6.560"/>
  <testcase classname="Test.Scenarios.TestMethods_softwaretestingboard" name="b_loginUserWithCorrectCredentials" time="6.034"/>
  <testcase classname="Test.Scenarios.TestMethods_softwaretestingboard" name="d_addProductToCart" time="4.810"/>
</testsuite> <!-- Test.Scenarios.TestMethods_softwaretestingboard -->
