<?xml version="1.0" encoding="UTF-8"?>
<!-- Generated by org.testng.reporters.JUnitReportReporter -->
<testsuite hostname="cryzalis-ThinkPad-T430s" failures="0" tests="4" name="Test.Scenarios.TestMethodsSoftwaretestingboard" time="23.803" errors="0" timestamp="2023-06-14T08:10:33 GMT+03:00" skipped="0">
  <testcase classname="Test.Scenarios.TestMethodsSoftwaretestingboard" name="c_searchProductByName" time="3.599"/>
  <testcase classname="Test.Scenarios.TestMethodsSoftwaretestingboard" name="b_loginUserWithCorrectCredentials" time="5.418"/>
  <testcase classname="Test.Scenarios.TestMethodsSoftwaretestingboard" name="e_checkoutProcess" time="10.536"/>
  <testcase classname="Test.Scenarios.TestMethodsSoftwaretestingboard" name="d_addProductToCart" time="4.250"/>
</testsuite> <!-- Test.Scenarios.TestMethodsSoftwaretestingboard -->
