<?xml version="1.0" encoding="UTF-8"?>
<!-- Generated by org.testng.reporters.JUnitReportReporter -->
<testsuite hostname="cryzalis-ThinkPad-T430s" failures="0" tests="1" name="Test.Scenarios.TestMethods_registration" time="5.661" errors="0" timestamp="2023-06-09T07:42:29 GMT+03:00" skipped="0">
  <testcase classname="Test.Scenarios.TestMethods_registration" name="a_registerNewUser" time="5.661"/>
</testsuite> <!-- Test.Scenarios.TestMethods_registration -->
