<?xml version="1.0" encoding="UTF-8"?>
<!-- Generated by org.testng.reporters.JUnitReportReporter -->
<testsuite hostname="cryzalis-ThinkPad-T430s" failures="0" tests="1" name="Test.Scenarios.TestMethods_GoogleSearch" time="3.136" errors="0" timestamp="2023-06-08T08:53:48 GMT+03:00" skipped="0">
  <testcase classname="Test.Scenarios.TestMethods_GoogleSearch" name="SearchOperation" time="3.136"/>
</testsuite> <!-- Test.Scenarios.TestMethods_GoogleSearch -->
